<?xml version="1.0" encoding="UTF-8"?>
<!-- Generated by org.testng.reporters.JUnitXMLReporter -->
<testsuite hostname="IBMADM-SG916TS" ignored="2" name="firsttest" tests="2" failures="0" timestamp="2019-08-28T19:40:14 IST" time="0.067" errors="0">
  <testcase name="firstTest" time="0.015" classname="Day9.FourthProgram"/>
  <testcase name="secondTest" time="0.002" classname="Day9.TestEnabled"/>
  <testcase name="firstTest" time="0.0" classname="Day9.TestEnabled">
    <ignored/>
  </testcase> <!-- firstTest -->
  <testcase name="SecondTest" time="0.0" classname="Day9.FourthProgram">
    <ignored/>
  </testcase> <!-- SecondTest -->
</testsuite> <!-- firsttest -->
