<?xml version="1.0" encoding="UTF-8"?>
<!-- Generated by org.testng.reporters.JUnitXMLReporter -->
<testsuite hostname="IBMADM-SG916TS" ignored="0" name="Default test" tests="3" failures="0" timestamp="2019-09-12T11:00:03 EDT" time="26.906" errors="0">
  <testcase name="Registration" time="4.302" classname="MockTest.Asgnnt2_DataProvider_Assert"/>
  <testcase name="Registration" time="4.081" classname="MockTest.Asgnnt2_DataProvider_Assert"/>
  <testcase name="Registration" time="3.803" classname="MockTest.Asgnnt2_DataProvider_Assert"/>
</testsuite> <!-- Default test -->
